2024-08-19 19:07:29,932 INFO: [31m[1mWARNING: This is a development server. Do not use it in a production deployment. Use a production WSGI server instead.[0m
 * Running on http://127.0.0.1:5555
2024-08-19 19:07:29,932 INFO: [33mPress CTRL+C to quit[0m
2024-08-19 19:07:29,933 INFO:  * Restarting with stat
2024-08-19 19:07:30,150 WARNING:  * Debugger is active!
2024-08-19 19:07:30,155 INFO:  * Debugger PIN: 617-080-234
2024-08-19 19:07:47,689 INFO: 127.0.0.1 - - [19/Aug/2024 19:07:47] "OPTIONS /login HTTP/1.1" 200 -
2024-08-19 19:07:47,967 INFO: 127.0.0.1 - - [19/Aug/2024 19:07:47] "POST /login HTTP/1.1" 200 -
2024-08-19 19:08:26,073 INFO: 127.0.0.1 - - [19/Aug/2024 19:08:26] "OPTIONS /logout HTTP/1.1" 200 -
2024-08-19 19:08:26,078 INFO: 127.0.0.1 - - [19/Aug/2024 19:08:26] "[31m[1mPOST /logout HTTP/1.1[0m" 422 -
2024-08-19 19:10:37,194 INFO: 127.0.0.1 - - [19/Aug/2024 19:10:37] "OPTIONS /login HTTP/1.1" 200 -
2024-08-19 19:10:37,445 INFO: 127.0.0.1 - - [19/Aug/2024 19:10:37] "POST /login HTTP/1.1" 200 -
2024-08-19 19:14:21,865 INFO: 127.0.0.1 - - [19/Aug/2024 19:14:21] "OPTIONS /logout HTTP/1.1" 200 -
2024-08-19 19:14:21,867 INFO: 127.0.0.1 - - [19/Aug/2024 19:14:21] "[31m[1mPOST /logout HTTP/1.1[0m" 422 -
2024-08-19 19:14:48,638 INFO: 127.0.0.1 - - [19/Aug/2024 19:14:48] "OPTIONS /login HTTP/1.1" 200 -
2024-08-19 19:14:48,992 INFO: 127.0.0.1 - - [19/Aug/2024 19:14:48] "POST /login HTTP/1.1" 200 -
2024-08-19 19:15:11,785 INFO: 127.0.0.1 - - [19/Aug/2024 19:15:11] "OPTIONS /logout HTTP/1.1" 200 -
2024-08-19 19:15:11,790 INFO: 127.0.0.1 - - [19/Aug/2024 19:15:11] "[31m[1mPOST /logout HTTP/1.1[0m" 422 -
2024-08-19 19:17:47,502 INFO: [31m[1mWARNING: This is a development server. Do not use it in a production deployment. Use a production WSGI server instead.[0m
 * Running on http://127.0.0.1:5555
2024-08-19 19:17:47,502 INFO: [33mPress CTRL+C to quit[0m
2024-08-19 19:17:47,503 INFO:  * Restarting with stat
2024-08-19 19:17:47,722 WARNING:  * Debugger is active!
2024-08-19 19:17:47,728 INFO:  * Debugger PIN: 617-080-234
2024-08-19 19:18:27,700 INFO: 127.0.0.1 - - [19/Aug/2024 19:18:27] "OPTIONS /login HTTP/1.1" 200 -
2024-08-19 19:18:27,952 INFO: 127.0.0.1 - - [19/Aug/2024 19:18:27] "POST /login HTTP/1.1" 200 -
2024-08-19 19:18:41,667 INFO: 127.0.0.1 - - [19/Aug/2024 19:18:41] "OPTIONS /login HTTP/1.1" 200 -
2024-08-19 19:18:41,916 INFO: 127.0.0.1 - - [19/Aug/2024 19:18:41] "POST /login HTTP/1.1" 200 -
2024-08-19 19:18:53,972 INFO: 127.0.0.1 - - [19/Aug/2024 19:18:53] "OPTIONS /logout HTTP/1.1" 200 -
2024-08-19 19:18:53,979 INFO: 127.0.0.1 - - [19/Aug/2024 19:18:53] "[31m[1mPOST /logout HTTP/1.1[0m" 422 -
2024-08-19 19:19:12,524 INFO: 127.0.0.1 - - [19/Aug/2024 19:19:12] "OPTIONS /login HTTP/1.1" 200 -
2024-08-19 19:19:12,775 INFO: 127.0.0.1 - - [19/Aug/2024 19:19:12] "POST /login HTTP/1.1" 200 -
2024-08-19 19:22:56,345 INFO: 127.0.0.1 - - [19/Aug/2024 19:22:56] "OPTIONS /login HTTP/1.1" 200 -
2024-08-19 19:22:56,595 INFO: 127.0.0.1 - - [19/Aug/2024 19:22:56] "POST /login HTTP/1.1" 200 -
2024-08-19 19:26:48,189 INFO: 127.0.0.1 - - [19/Aug/2024 19:26:48] "OPTIONS /login HTTP/1.1" 200 -
2024-08-19 19:26:48,440 INFO: 127.0.0.1 - - [19/Aug/2024 19:26:48] "POST /login HTTP/1.1" 200 -
2024-08-19 19:28:18,774 INFO: 127.0.0.1 - - [19/Aug/2024 19:28:18] "OPTIONS /login HTTP/1.1" 200 -
2024-08-19 19:28:19,024 INFO: 127.0.0.1 - - [19/Aug/2024 19:28:19] "POST /login HTTP/1.1" 200 -
2024-08-19 19:29:54,583 INFO: 127.0.0.1 - - [19/Aug/2024 19:29:54] "OPTIONS /login HTTP/1.1" 200 -
2024-08-19 19:29:54,832 INFO: 127.0.0.1 - - [19/Aug/2024 19:29:54] "POST /login HTTP/1.1" 200 -
2024-08-19 19:31:51,107 INFO: 127.0.0.1 - - [19/Aug/2024 19:31:51] "OPTIONS /login HTTP/1.1" 200 -
2024-08-19 19:31:51,356 INFO: 127.0.0.1 - - [19/Aug/2024 19:31:51] "POST /login HTTP/1.1" 200 -
2024-08-19 19:34:41,355 INFO: 127.0.0.1 - - [19/Aug/2024 19:34:41] "OPTIONS /login HTTP/1.1" 200 -
2024-08-19 19:34:41,603 INFO: 127.0.0.1 - - [19/Aug/2024 19:34:41] "POST /login HTTP/1.1" 200 -
2024-08-19 19:35:11,947 INFO: 127.0.0.1 - - [19/Aug/2024 19:35:11] "OPTIONS /login HTTP/1.1" 200 -
2024-08-19 19:35:12,197 INFO: 127.0.0.1 - - [19/Aug/2024 19:35:12] "POST /login HTTP/1.1" 200 -
2024-08-19 19:35:45,625 INFO: 127.0.0.1 - - [19/Aug/2024 19:35:45] "OPTIONS /logout HTTP/1.1" 200 -
2024-08-19 19:35:45,630 INFO: 127.0.0.1 - - [19/Aug/2024 19:35:45] "[31m[1mPOST /logout HTTP/1.1[0m" 422 -
2024-08-19 19:46:15,299 INFO: 127.0.0.1 - - [19/Aug/2024 19:46:15] "OPTIONS /login HTTP/1.1" 200 -
2024-08-19 19:46:15,545 INFO: 127.0.0.1 - - [19/Aug/2024 19:46:15] "POST /login HTTP/1.1" 200 -
2024-08-19 19:47:23,094 INFO: 127.0.0.1 - - [19/Aug/2024 19:47:23] "OPTIONS /login HTTP/1.1" 200 -
2024-08-19 19:47:23,344 INFO: 127.0.0.1 - - [19/Aug/2024 19:47:23] "POST /login HTTP/1.1" 200 -
2024-08-19 19:48:14,038 INFO: 127.0.0.1 - - [19/Aug/2024 19:48:14] "OPTIONS /login HTTP/1.1" 200 -
2024-08-19 19:48:14,268 INFO: 127.0.0.1 - - [19/Aug/2024 19:48:14] "POST /login HTTP/1.1" 200 -
2024-08-19 19:50:21,349 INFO: 127.0.0.1 - - [19/Aug/2024 19:50:21] "OPTIONS /login HTTP/1.1" 200 -
2024-08-19 19:50:21,602 INFO: 127.0.0.1 - - [19/Aug/2024 19:50:21] "POST /login HTTP/1.1" 200 -
2024-08-19 19:50:57,365 INFO: 127.0.0.1 - - [19/Aug/2024 19:50:57] "OPTIONS /login HTTP/1.1" 200 -
2024-08-19 19:50:57,602 INFO: 127.0.0.1 - - [19/Aug/2024 19:50:57] "POST /login HTTP/1.1" 200 -
2024-08-19 20:02:19,139 INFO: 127.0.0.1 - - [19/Aug/2024 20:02:19] "OPTIONS /login HTTP/1.1" 200 -
2024-08-19 20:02:19,387 INFO: 127.0.0.1 - - [19/Aug/2024 20:02:19] "POST /login HTTP/1.1" 200 -
2024-08-19 20:02:41,493 INFO: 127.0.0.1 - - [19/Aug/2024 20:02:41] "OPTIONS /login HTTP/1.1" 200 -
2024-08-19 20:02:41,720 INFO: 127.0.0.1 - - [19/Aug/2024 20:02:41] "POST /login HTTP/1.1" 200 -
2024-08-19 20:02:48,112 INFO: 127.0.0.1 - - [19/Aug/2024 20:02:48] "OPTIONS /logout HTTP/1.1" 200 -
2024-08-19 20:02:48,115 INFO: 127.0.0.1 - - [19/Aug/2024 20:02:48] "[31m[1mPOST /logout HTTP/1.1[0m" 422 -
2024-08-19 20:02:57,466 INFO: 127.0.0.1 - - [19/Aug/2024 20:02:57] "OPTIONS /logout HTTP/1.1" 200 -
2024-08-19 20:02:57,471 INFO: 127.0.0.1 - - [19/Aug/2024 20:02:57] "[31m[1mPOST /logout HTTP/1.1[0m" 422 -
2024-08-19 20:03:07,791 INFO: 127.0.0.1 - - [19/Aug/2024 20:03:07] "OPTIONS /logout HTTP/1.1" 200 -
2024-08-19 20:03:07,796 INFO: 127.0.0.1 - - [19/Aug/2024 20:03:07] "[31m[1mPOST /logout HTTP/1.1[0m" 422 -
2024-08-19 20:05:40,189 INFO: 127.0.0.1 - - [19/Aug/2024 20:05:40] "OPTIONS /login HTTP/1.1" 200 -
2024-08-19 20:05:40,439 INFO: 127.0.0.1 - - [19/Aug/2024 20:05:40] "POST /login HTTP/1.1" 200 -
2024-08-19 20:05:59,048 INFO: 127.0.0.1 - - [19/Aug/2024 20:05:59] "OPTIONS /logout HTTP/1.1" 200 -
2024-08-19 20:05:59,053 INFO: 127.0.0.1 - - [19/Aug/2024 20:05:59] "[31m[1mPOST /logout HTTP/1.1[0m" 401 -
2024-08-19 20:10:32,000 INFO: 127.0.0.1 - - [19/Aug/2024 20:10:32] "OPTIONS /login HTTP/1.1" 200 -
2024-08-19 20:10:32,265 INFO: 127.0.0.1 - - [19/Aug/2024 20:10:32] "POST /login HTTP/1.1" 200 -
2024-08-19 20:10:38,661 INFO: 127.0.0.1 - - [19/Aug/2024 20:10:38] "OPTIONS /logout HTTP/1.1" 200 -
2024-08-19 20:10:38,665 ERROR: string indices must be integers
Traceback (most recent call last):
  File "/Users/emmanuel/Development/projects/PFapp/server/app.py", line 116, in post
    logging.info(jti['message'])
TypeError: string indices must be integers
2024-08-19 20:10:38,670 ERROR: Error: error() missing 1 required positional argument: 'msg'
Traceback (most recent call last):
  File "/Users/emmanuel/Development/projects/PFapp/server/app.py", line 116, in post
    logging.info(jti['message'])
TypeError: string indices must be integers

During handling of the above exception, another exception occurred:

Traceback (most recent call last):
  File "/Users/emmanuel/.pyenv/versions/3.8.13/lib/python3.8/site-packages/flask/app.py", line 880, in full_dispatch_request
    rv = self.dispatch_request()
  File "/Users/emmanuel/.pyenv/versions/3.8.13/lib/python3.8/site-packages/flask/app.py", line 865, in dispatch_request
    return self.ensure_sync(self.view_functions[rule.endpoint])(**view_args)  # type: ignore[no-any-return]
  File "/Users/emmanuel/.pyenv/versions/3.8.13/lib/python3.8/site-packages/flask_restful/__init__.py", line 489, in wrapper
    resp = resource(*args, **kwargs)
  File "/Users/emmanuel/.pyenv/versions/3.8.13/lib/python3.8/site-packages/flask/views.py", line 110, in view
    return current_app.ensure_sync(self.dispatch_request)(**kwargs)  # type: ignore[no-any-return]
  File "/Users/emmanuel/.pyenv/versions/3.8.13/lib/python3.8/site-packages/flask_restful/__init__.py", line 604, in dispatch_request
    resp = meth(*args, **kwargs)
  File "/Users/emmanuel/.pyenv/versions/3.8.13/lib/python3.8/site-packages/flask_jwt_extended/view_decorators.py", line 170, in decorator
    return current_app.ensure_sync(fn)(*args, **kwargs)
  File "/Users/emmanuel/Development/projects/PFapp/server/app.py", line 123, in post
    logging.error()
TypeError: error() missing 1 required positional argument: 'msg'
2024-08-19 20:10:38,678 INFO: 127.0.0.1 - - [19/Aug/2024 20:10:38] "[35m[1mPOST /logout HTTP/1.1[0m" 500 -
2024-08-19 20:11:03,932 INFO: 127.0.0.1 - - [19/Aug/2024 20:11:03] "OPTIONS /login HTTP/1.1" 200 -
2024-08-19 20:11:04,171 INFO: 127.0.0.1 - - [19/Aug/2024 20:11:04] "POST /login HTTP/1.1" 200 -
2024-08-19 20:11:29,484 INFO: 127.0.0.1 - - [19/Aug/2024 20:11:29] "OPTIONS /login HTTP/1.1" 200 -
2024-08-19 20:11:29,737 INFO: 127.0.0.1 - - [19/Aug/2024 20:11:29] "POST /login HTTP/1.1" 200 -
2024-08-19 20:11:34,853 INFO: 127.0.0.1 - - [19/Aug/2024 20:11:34] "OPTIONS /logout HTTP/1.1" 200 -
2024-08-19 20:11:34,856 ERROR: string indices must be integers
Traceback (most recent call last):
  File "/Users/emmanuel/Development/projects/PFapp/server/app.py", line 116, in post
    logging.info(jti['message'])
TypeError: string indices must be integers
2024-08-19 20:11:34,857 ERROR: Error: error() missing 1 required positional argument: 'msg'
Traceback (most recent call last):
  File "/Users/emmanuel/Development/projects/PFapp/server/app.py", line 116, in post
    logging.info(jti['message'])
TypeError: string indices must be integers

During handling of the above exception, another exception occurred:

Traceback (most recent call last):
  File "/Users/emmanuel/.pyenv/versions/3.8.13/lib/python3.8/site-packages/flask/app.py", line 880, in full_dispatch_request
    rv = self.dispatch_request()
  File "/Users/emmanuel/.pyenv/versions/3.8.13/lib/python3.8/site-packages/flask/app.py", line 865, in dispatch_request
    return self.ensure_sync(self.view_functions[rule.endpoint])(**view_args)  # type: ignore[no-any-return]
  File "/Users/emmanuel/.pyenv/versions/3.8.13/lib/python3.8/site-packages/flask_restful/__init__.py", line 489, in wrapper
    resp = resource(*args, **kwargs)
  File "/Users/emmanuel/.pyenv/versions/3.8.13/lib/python3.8/site-packages/flask/views.py", line 110, in view
    return current_app.ensure_sync(self.dispatch_request)(**kwargs)  # type: ignore[no-any-return]
  File "/Users/emmanuel/.pyenv/versions/3.8.13/lib/python3.8/site-packages/flask_restful/__init__.py", line 604, in dispatch_request
    resp = meth(*args, **kwargs)
  File "/Users/emmanuel/.pyenv/versions/3.8.13/lib/python3.8/site-packages/flask_jwt_extended/view_decorators.py", line 170, in decorator
    return current_app.ensure_sync(fn)(*args, **kwargs)
  File "/Users/emmanuel/Development/projects/PFapp/server/app.py", line 123, in post
    logging.error()
TypeError: error() missing 1 required positional argument: 'msg'
2024-08-19 20:11:34,857 INFO: 127.0.0.1 - - [19/Aug/2024 20:11:34] "[35m[1mPOST /logout HTTP/1.1[0m" 500 -
2024-08-19 20:13:45,860 INFO: 127.0.0.1 - - [19/Aug/2024 20:13:45] "OPTIONS /login HTTP/1.1" 200 -
2024-08-19 20:13:46,109 INFO: 127.0.0.1 - - [19/Aug/2024 20:13:46] "POST /login HTTP/1.1" 200 -
2024-08-19 20:13:59,902 INFO: 127.0.0.1 - - [19/Aug/2024 20:13:59] "OPTIONS /logout HTTP/1.1" 200 -
2024-08-19 20:13:59,905 ERROR: string indices must be integers
Traceback (most recent call last):
  File "/Users/emmanuel/Development/projects/PFapp/server/app.py", line 116, in post
    logging.info(jti['message'])
TypeError: string indices must be integers
2024-08-19 20:13:59,906 ERROR: Error: error() missing 1 required positional argument: 'msg'
Traceback (most recent call last):
  File "/Users/emmanuel/Development/projects/PFapp/server/app.py", line 116, in post
    logging.info(jti['message'])
TypeError: string indices must be integers

During handling of the above exception, another exception occurred:

Traceback (most recent call last):
  File "/Users/emmanuel/.pyenv/versions/3.8.13/lib/python3.8/site-packages/flask/app.py", line 880, in full_dispatch_request
    rv = self.dispatch_request()
  File "/Users/emmanuel/.pyenv/versions/3.8.13/lib/python3.8/site-packages/flask/app.py", line 865, in dispatch_request
    return self.ensure_sync(self.view_functions[rule.endpoint])(**view_args)  # type: ignore[no-any-return]
  File "/Users/emmanuel/.pyenv/versions/3.8.13/lib/python3.8/site-packages/flask_restful/__init__.py", line 489, in wrapper
    resp = resource(*args, **kwargs)
  File "/Users/emmanuel/.pyenv/versions/3.8.13/lib/python3.8/site-packages/flask/views.py", line 110, in view
    return current_app.ensure_sync(self.dispatch_request)(**kwargs)  # type: ignore[no-any-return]
  File "/Users/emmanuel/.pyenv/versions/3.8.13/lib/python3.8/site-packages/flask_restful/__init__.py", line 604, in dispatch_request
    resp = meth(*args, **kwargs)
  File "/Users/emmanuel/.pyenv/versions/3.8.13/lib/python3.8/site-packages/flask_jwt_extended/view_decorators.py", line 170, in decorator
    return current_app.ensure_sync(fn)(*args, **kwargs)
  File "/Users/emmanuel/Development/projects/PFapp/server/app.py", line 123, in post
    logging.error()
TypeError: error() missing 1 required positional argument: 'msg'
2024-08-19 20:13:59,907 INFO: 127.0.0.1 - - [19/Aug/2024 20:13:59] "[35m[1mPOST /logout HTTP/1.1[0m" 500 -
2024-08-19 20:15:11,886 INFO: 127.0.0.1 - - [19/Aug/2024 20:15:11] "OPTIONS /login HTTP/1.1" 200 -
2024-08-19 20:15:12,135 INFO: 127.0.0.1 - - [19/Aug/2024 20:15:12] "POST /login HTTP/1.1" 200 -
2024-08-19 20:15:18,858 INFO: 127.0.0.1 - - [19/Aug/2024 20:15:18] "OPTIONS /logout HTTP/1.1" 200 -
2024-08-19 20:15:18,862 ERROR: string indices must be integers
Traceback (most recent call last):
  File "/Users/emmanuel/Development/projects/PFapp/server/app.py", line 116, in post
    logging.info(jti['message'])
TypeError: string indices must be integers
2024-08-19 20:15:18,862 ERROR: Error: error() missing 1 required positional argument: 'msg'
Traceback (most recent call last):
  File "/Users/emmanuel/Development/projects/PFapp/server/app.py", line 116, in post
    logging.info(jti['message'])
TypeError: string indices must be integers

During handling of the above exception, another exception occurred:

Traceback (most recent call last):
  File "/Users/emmanuel/.pyenv/versions/3.8.13/lib/python3.8/site-packages/flask/app.py", line 880, in full_dispatch_request
    rv = self.dispatch_request()
  File "/Users/emmanuel/.pyenv/versions/3.8.13/lib/python3.8/site-packages/flask/app.py", line 865, in dispatch_request
    return self.ensure_sync(self.view_functions[rule.endpoint])(**view_args)  # type: ignore[no-any-return]
  File "/Users/emmanuel/.pyenv/versions/3.8.13/lib/python3.8/site-packages/flask_restful/__init__.py", line 489, in wrapper
    resp = resource(*args, **kwargs)
  File "/Users/emmanuel/.pyenv/versions/3.8.13/lib/python3.8/site-packages/flask/views.py", line 110, in view
    return current_app.ensure_sync(self.dispatch_request)(**kwargs)  # type: ignore[no-any-return]
  File "/Users/emmanuel/.pyenv/versions/3.8.13/lib/python3.8/site-packages/flask_restful/__init__.py", line 604, in dispatch_request
    resp = meth(*args, **kwargs)
  File "/Users/emmanuel/.pyenv/versions/3.8.13/lib/python3.8/site-packages/flask_jwt_extended/view_decorators.py", line 170, in decorator
    return current_app.ensure_sync(fn)(*args, **kwargs)
  File "/Users/emmanuel/Development/projects/PFapp/server/app.py", line 123, in post
    logging.error()
TypeError: error() missing 1 required positional argument: 'msg'
2024-08-19 20:15:18,863 INFO: 127.0.0.1 - - [19/Aug/2024 20:15:18] "[35m[1mPOST /logout HTTP/1.1[0m" 500 -
2024-08-19 20:17:00,287 INFO:  * Detected change in '/Users/emmanuel/Development/projects/PFapp/server/app.py', reloading
2024-08-19 20:17:00,390 INFO:  * Restarting with stat
2024-08-19 20:17:59,753 INFO: [31m[1mWARNING: This is a development server. Do not use it in a production deployment. Use a production WSGI server instead.[0m
 * Running on http://127.0.0.1:5555
2024-08-19 20:17:59,753 INFO: [33mPress CTRL+C to quit[0m
2024-08-19 20:17:59,754 INFO:  * Restarting with stat
2024-08-19 20:17:59,992 WARNING:  * Debugger is active!
2024-08-19 20:17:59,999 INFO:  * Debugger PIN: 617-080-234
2024-08-19 20:18:17,849 INFO: [31m[1mWARNING: This is a development server. Do not use it in a production deployment. Use a production WSGI server instead.[0m
 * Running on http://127.0.0.1:5555
2024-08-19 20:18:17,849 INFO: [33mPress CTRL+C to quit[0m
2024-08-19 20:18:17,849 INFO:  * Restarting with stat
2024-08-19 20:18:18,068 WARNING:  * Debugger is active!
2024-08-19 20:18:18,073 INFO:  * Debugger PIN: 617-080-234
2024-08-19 20:18:36,344 INFO: 127.0.0.1 - - [19/Aug/2024 20:18:36] "OPTIONS /login HTTP/1.1" 200 -
2024-08-19 20:18:36,607 INFO: 127.0.0.1 - - [19/Aug/2024 20:18:36] "POST /login HTTP/1.1" 200 -
2024-08-19 20:18:45,386 ERROR: Error: 404 Not Found: The requested URL was not found on the server. If you entered the URL manually please check your spelling and try again.
Traceback (most recent call last):
  File "/Users/emmanuel/.pyenv/versions/3.8.13/lib/python3.8/site-packages/flask/app.py", line 880, in full_dispatch_request
    rv = self.dispatch_request()
  File "/Users/emmanuel/.pyenv/versions/3.8.13/lib/python3.8/site-packages/flask/app.py", line 854, in dispatch_request
    self.raise_routing_exception(req)
  File "/Users/emmanuel/.pyenv/versions/3.8.13/lib/python3.8/site-packages/flask/app.py", line 463, in raise_routing_exception
    raise request.routing_exception  # type: ignore[misc]
  File "/Users/emmanuel/.pyenv/versions/3.8.13/lib/python3.8/site-packages/flask/ctx.py", line 362, in match_request
    result = self.url_adapter.match(return_rule=True)  # type: ignore
  File "/Users/emmanuel/.pyenv/versions/3.8.13/lib/python3.8/site-packages/werkzeug/routing/map.py", line 629, in match
    raise NotFound() from None
werkzeug.exceptions.NotFound: 404 Not Found: The requested URL was not found on the server. If you entered the URL manually please check your spelling and try again.
2024-08-19 20:18:45,391 INFO: 127.0.0.1 - - [19/Aug/2024 20:18:45] "[35m[1mOPTIONS /logout HTTP/1.1[0m" 500 -
2024-08-19 20:19:13,566 INFO:  * Detected change in '/Users/emmanuel/Development/projects/PFapp/server/app.py', reloading
2024-08-19 20:19:13,616 INFO:  * Restarting with stat
2024-08-19 20:19:14,001 WARNING:  * Debugger is active!
2024-08-19 20:19:14,006 INFO:  * Debugger PIN: 617-080-234
2024-08-19 20:19:16,027 INFO:  * Detected change in '/Users/emmanuel/Development/projects/PFapp/server/app.py', reloading
2024-08-19 20:19:16,088 INFO:  * Restarting with stat
2024-08-19 20:19:16,314 WARNING:  * Debugger is active!
2024-08-19 20:19:16,317 INFO:  * Debugger PIN: 617-080-234
2024-08-19 20:19:22,373 INFO:  * Detected change in '/Users/emmanuel/Development/projects/PFapp/server/app.py', reloading
2024-08-19 20:19:22,419 INFO:  * Restarting with stat
2024-08-19 20:19:22,690 WARNING:  * Debugger is active!
2024-08-19 20:19:22,697 INFO:  * Debugger PIN: 617-080-234
2024-08-19 20:19:35,817 INFO:  * Detected change in '/Users/emmanuel/Development/projects/PFapp/server/app.py', reloading
2024-08-19 20:19:35,892 INFO:  * Restarting with stat
2024-08-19 20:19:36,345 WARNING:  * Debugger is active!
2024-08-19 20:19:36,350 INFO:  * Debugger PIN: 617-080-234
2024-08-19 20:20:20,740 INFO:  * Detected change in '/Users/emmanuel/Development/projects/PFapp/server/app.py', reloading
2024-08-19 20:20:20,794 INFO:  * Restarting with stat
2024-08-19 20:20:21,112 WARNING:  * Debugger is active!
2024-08-19 20:20:21,116 INFO:  * Debugger PIN: 617-080-234
2024-08-19 20:20:34,237 INFO:  * Detected change in '/Users/emmanuel/Development/projects/PFapp/server/app.py', reloading
2024-08-19 20:20:34,292 INFO:  * Restarting with stat
2024-08-19 20:24:51,320 INFO: [31m[1mWARNING: This is a development server. Do not use it in a production deployment. Use a production WSGI server instead.[0m
 * Running on http://127.0.0.1:5555
2024-08-19 20:24:51,320 INFO: [33mPress CTRL+C to quit[0m
2024-08-19 20:24:51,320 INFO:  * Restarting with stat
2024-08-19 20:24:51,538 WARNING:  * Debugger is active!
2024-08-19 20:24:51,544 INFO:  * Debugger PIN: 617-080-234
2024-08-19 20:25:09,446 INFO: 127.0.0.1 - - [19/Aug/2024 20:25:09] "OPTIONS /login HTTP/1.1" 200 -
2024-08-19 20:25:09,712 INFO: 127.0.0.1 - - [19/Aug/2024 20:25:09] "POST /login HTTP/1.1" 200 -
2024-08-19 20:25:16,102 INFO: 127.0.0.1 - - [19/Aug/2024 20:25:16] "OPTIONS /logout HTTP/1.1" 200 -
2024-08-19 20:25:16,105 ERROR: Error: name 'RevokedToken' is not defined
Traceback (most recent call last):
  File "/Users/emmanuel/.pyenv/versions/3.8.13/lib/python3.8/site-packages/flask/app.py", line 880, in full_dispatch_request
    rv = self.dispatch_request()
  File "/Users/emmanuel/.pyenv/versions/3.8.13/lib/python3.8/site-packages/flask/app.py", line 865, in dispatch_request
    return self.ensure_sync(self.view_functions[rule.endpoint])(**view_args)  # type: ignore[no-any-return]
  File "/Users/emmanuel/.pyenv/versions/3.8.13/lib/python3.8/site-packages/flask_restful/__init__.py", line 489, in wrapper
    resp = resource(*args, **kwargs)
  File "/Users/emmanuel/.pyenv/versions/3.8.13/lib/python3.8/site-packages/flask/views.py", line 110, in view
    return current_app.ensure_sync(self.dispatch_request)(**kwargs)  # type: ignore[no-any-return]
  File "/Users/emmanuel/.pyenv/versions/3.8.13/lib/python3.8/site-packages/flask_restful/__init__.py", line 604, in dispatch_request
    resp = meth(*args, **kwargs)
  File "/Users/emmanuel/.pyenv/versions/3.8.13/lib/python3.8/site-packages/flask_jwt_extended/view_decorators.py", line 170, in decorator
    return current_app.ensure_sync(fn)(*args, **kwargs)
  File "/Users/emmanuel/Development/projects/PFapp/server/app.py", line 127, in post
    revoked_token = RevokedToken(jti=jti)
NameError: name 'RevokedToken' is not defined
2024-08-19 20:25:16,109 INFO: 127.0.0.1 - - [19/Aug/2024 20:25:16] "[35m[1mPOST /logout HTTP/1.1[0m" 500 -
2024-08-19 20:26:16,296 INFO:  * Detected change in '/Users/emmanuel/Development/projects/PFapp/server/app.py', reloading
2024-08-19 20:26:16,352 INFO:  * Restarting with stat
2024-08-19 20:26:16,730 WARNING:  * Debugger is active!
2024-08-19 20:26:16,736 INFO:  * Debugger PIN: 617-080-234
2024-08-19 20:26:18,754 INFO:  * Detected change in '/Users/emmanuel/Development/projects/PFapp/server/app.py', reloading
2024-08-19 20:26:18,791 INFO:  * Restarting with stat
2024-08-19 20:26:19,058 WARNING:  * Debugger is active!
2024-08-19 20:26:19,062 INFO:  * Debugger PIN: 617-080-234
2024-08-19 20:27:53,880 INFO:  * Detected change in '/Users/emmanuel/Development/projects/PFapp/server/app.py', reloading
2024-08-19 20:27:53,946 INFO:  * Restarting with stat
2024-08-19 20:31:42,737 INFO: [31m[1mWARNING: This is a development server. Do not use it in a production deployment. Use a production WSGI server instead.[0m
 * Running on http://127.0.0.1:5555
2024-08-19 20:31:42,738 INFO: [33mPress CTRL+C to quit[0m
2024-08-19 20:31:42,738 INFO:  * Restarting with stat
2024-08-19 20:31:42,959 WARNING:  * Debugger is active!
2024-08-19 20:31:42,964 INFO:  * Debugger PIN: 617-080-234
2024-08-19 20:31:57,216 INFO: 127.0.0.1 - - [19/Aug/2024 20:31:57] "OPTIONS /login HTTP/1.1" 200 -
2024-08-19 20:31:57,477 INFO: 127.0.0.1 - - [19/Aug/2024 20:31:57] "POST /login HTTP/1.1" 200 -
2024-08-19 20:32:05,062 INFO: 127.0.0.1 - - [19/Aug/2024 20:32:05] "OPTIONS /logout HTTP/1.1" 200 -
2024-08-19 20:32:05,065 ERROR: Error: 'JWTManager' object has no attribute 'blacklist'
Traceback (most recent call last):
  File "/Users/emmanuel/.pyenv/versions/3.8.13/lib/python3.8/site-packages/flask/app.py", line 880, in full_dispatch_request
    rv = self.dispatch_request()
  File "/Users/emmanuel/.pyenv/versions/3.8.13/lib/python3.8/site-packages/flask/app.py", line 865, in dispatch_request
    return self.ensure_sync(self.view_functions[rule.endpoint])(**view_args)  # type: ignore[no-any-return]
  File "/Users/emmanuel/.pyenv/versions/3.8.13/lib/python3.8/site-packages/flask_restful/__init__.py", line 489, in wrapper
    resp = resource(*args, **kwargs)
  File "/Users/emmanuel/.pyenv/versions/3.8.13/lib/python3.8/site-packages/flask/views.py", line 110, in view
    return current_app.ensure_sync(self.dispatch_request)(**kwargs)  # type: ignore[no-any-return]
  File "/Users/emmanuel/.pyenv/versions/3.8.13/lib/python3.8/site-packages/flask_restful/__init__.py", line 604, in dispatch_request
    resp = meth(*args, **kwargs)
  File "/Users/emmanuel/.pyenv/versions/3.8.13/lib/python3.8/site-packages/flask_jwt_extended/view_decorators.py", line 170, in decorator
    return current_app.ensure_sync(fn)(*args, **kwargs)
  File "/Users/emmanuel/Development/projects/PFapp/server/app.py", line 96, in post
    jwt.blacklist.add(jti)
AttributeError: 'JWTManager' object has no attribute 'blacklist'
2024-08-19 20:32:05,070 INFO: 127.0.0.1 - - [19/Aug/2024 20:32:05] "[35m[1mPOST /logout HTTP/1.1[0m" 500 -
2024-08-19 20:34:27,358 INFO:  * Detected change in '/Users/emmanuel/Development/projects/PFapp/server/app.py', reloading
2024-08-19 20:34:27,441 INFO:  * Restarting with stat
2024-08-19 20:34:27,834 WARNING:  * Debugger is active!
2024-08-19 20:34:27,841 INFO:  * Debugger PIN: 617-080-234
2024-08-19 20:35:00,110 INFO:  * Detected change in '/Users/emmanuel/Development/projects/PFapp/server/app.py', reloading
2024-08-19 20:35:00,162 INFO:  * Restarting with stat
2024-08-19 20:35:00,491 WARNING:  * Debugger is active!
2024-08-19 20:35:00,495 INFO:  * Debugger PIN: 617-080-234
2024-08-19 20:35:01,510 INFO:  * Detected change in '/Users/emmanuel/Development/projects/PFapp/server/app.py', reloading
2024-08-19 20:35:01,567 INFO:  * Restarting with stat
2024-08-19 20:35:01,790 WARNING:  * Debugger is active!
2024-08-19 20:35:01,793 INFO:  * Debugger PIN: 617-080-234
2024-08-19 20:35:03,816 INFO:  * Detected change in '/Users/emmanuel/Development/projects/PFapp/server/app.py', reloading
2024-08-19 20:35:03,855 INFO:  * Restarting with stat
2024-08-19 20:35:04,105 WARNING:  * Debugger is active!
2024-08-19 20:35:04,109 INFO:  * Debugger PIN: 617-080-234
2024-08-19 20:35:06,132 INFO:  * Detected change in '/Users/emmanuel/Development/projects/PFapp/server/app.py', reloading
2024-08-19 20:35:06,189 INFO:  * Restarting with stat
2024-08-19 20:35:06,419 WARNING:  * Debugger is active!
2024-08-19 20:35:06,424 INFO:  * Debugger PIN: 617-080-234
2024-08-19 20:42:08,085 INFO: 127.0.0.1 - - [19/Aug/2024 20:42:08] "OPTIONS /login HTTP/1.1" 200 -
2024-08-19 20:42:08,347 INFO: 127.0.0.1 - - [19/Aug/2024 20:42:08] "POST /login HTTP/1.1" 200 -
2024-08-19 20:42:15,934 INFO: 127.0.0.1 - - [19/Aug/2024 20:42:15] "OPTIONS /logout HTTP/1.1" 200 -
2024-08-19 20:42:15,938 INFO: 127.0.0.1 - - [19/Aug/2024 20:42:15] "POST /logout HTTP/1.1" 200 -
2024-08-19 20:42:26,115 INFO: 127.0.0.1 - - [19/Aug/2024 20:42:26] "OPTIONS /login HTTP/1.1" 200 -
2024-08-19 20:42:26,365 INFO: 127.0.0.1 - - [19/Aug/2024 20:42:26] "POST /login HTTP/1.1" 200 -
2024-08-19 20:42:31,261 INFO: 127.0.0.1 - - [19/Aug/2024 20:42:31] "OPTIONS /logout HTTP/1.1" 200 -
2024-08-19 20:42:31,264 INFO: 127.0.0.1 - - [19/Aug/2024 20:42:31] "POST /logout HTTP/1.1" 200 -
2024-08-19 20:42:45,143 INFO: 127.0.0.1 - - [19/Aug/2024 20:42:45] "OPTIONS /login HTTP/1.1" 200 -
2024-08-19 20:42:45,392 INFO: 127.0.0.1 - - [19/Aug/2024 20:42:45] "POST /login HTTP/1.1" 200 -
2024-08-19 20:42:55,596 INFO: 127.0.0.1 - - [19/Aug/2024 20:42:55] "OPTIONS /login HTTP/1.1" 200 -
2024-08-19 20:42:55,845 INFO: 127.0.0.1 - - [19/Aug/2024 20:42:55] "POST /login HTTP/1.1" 200 -
2024-08-19 20:43:15,259 INFO: 127.0.0.1 - - [19/Aug/2024 20:43:15] "OPTIONS /logout HTTP/1.1" 200 -
2024-08-19 20:43:15,262 INFO: 127.0.0.1 - - [19/Aug/2024 20:43:15] "POST /logout HTTP/1.1" 200 -
2024-08-19 20:46:20,681 INFO: 127.0.0.1 - - [19/Aug/2024 20:46:20] "OPTIONS /login HTTP/1.1" 200 -
2024-08-19 20:46:20,923 INFO: 127.0.0.1 - - [19/Aug/2024 20:46:20] "POST /login HTTP/1.1" 200 -
2024-08-19 20:46:27,816 INFO: 127.0.0.1 - - [19/Aug/2024 20:46:27] "OPTIONS /logout HTTP/1.1" 200 -
2024-08-19 20:46:27,820 INFO: 127.0.0.1 - - [19/Aug/2024 20:46:27] "POST /logout HTTP/1.1" 200 -
2024-08-19 20:46:46,920 INFO: 127.0.0.1 - - [19/Aug/2024 20:46:46] "OPTIONS /login HTTP/1.1" 200 -
2024-08-19 20:46:47,172 INFO: 127.0.0.1 - - [19/Aug/2024 20:46:47] "POST /login HTTP/1.1" 200 -
2024-08-19 20:46:58,818 INFO: 127.0.0.1 - - [19/Aug/2024 20:46:58] "OPTIONS /logout HTTP/1.1" 200 -
2024-08-19 20:46:58,822 INFO: 127.0.0.1 - - [19/Aug/2024 20:46:58] "POST /logout HTTP/1.1" 200 -
2024-08-19 20:57:11,009 INFO: [31m[1mWARNING: This is a development server. Do not use it in a production deployment. Use a production WSGI server instead.[0m
 * Running on http://127.0.0.1:5555
2024-08-19 20:57:11,010 INFO: [33mPress CTRL+C to quit[0m
2024-08-19 20:57:11,010 INFO:  * Restarting with stat
2024-08-19 20:57:11,237 WARNING:  * Debugger is active!
2024-08-19 20:57:11,243 INFO:  * Debugger PIN: 617-080-234
2024-08-19 20:57:29,102 INFO: 127.0.0.1 - - [19/Aug/2024 20:57:29] "[31m[1mGET /current_user HTTP/1.1[0m" 401 -
2024-08-19 20:57:34,869 INFO: 127.0.0.1 - - [19/Aug/2024 20:57:34] "POST /login HTTP/1.1" 200 -
2024-08-19 20:57:53,222 INFO: 127.0.0.1 - - [19/Aug/2024 20:57:53] "GET /current_user HTTP/1.1" 200 -
2024-08-19 21:02:27,036 INFO: 127.0.0.1 - - [19/Aug/2024 21:02:27] "OPTIONS /login HTTP/1.1" 200 -
2024-08-19 21:02:27,270 INFO: 127.0.0.1 - - [19/Aug/2024 21:02:27] "POST /login HTTP/1.1" 200 -
2024-08-19 21:02:32,782 INFO: 127.0.0.1 - - [19/Aug/2024 21:02:32] "OPTIONS /current_user HTTP/1.1" 200 -
2024-08-19 21:02:32,783 INFO: 127.0.0.1 - - [19/Aug/2024 21:02:32] "OPTIONS /current_user HTTP/1.1" 200 -
2024-08-19 21:02:32,786 INFO: 127.0.0.1 - - [19/Aug/2024 21:02:32] "[31m[1mGET /current_user HTTP/1.1[0m" 422 -
2024-08-19 21:02:32,788 INFO: 127.0.0.1 - - [19/Aug/2024 21:02:32] "[31m[1mGET /current_user HTTP/1.1[0m" 422 -
2024-08-19 21:03:45,687 INFO: 127.0.0.1 - - [19/Aug/2024 21:03:45] "OPTIONS /login HTTP/1.1" 200 -
2024-08-19 21:03:45,938 INFO: 127.0.0.1 - - [19/Aug/2024 21:03:45] "POST /login HTTP/1.1" 200 -
2024-08-19 21:03:51,570 INFO: 127.0.0.1 - - [19/Aug/2024 21:03:51] "OPTIONS /logout HTTP/1.1" 200 -
2024-08-19 21:03:51,575 INFO: 127.0.0.1 - - [19/Aug/2024 21:03:51] "POST /logout HTTP/1.1" 200 -
2024-08-19 21:04:06,886 INFO: 127.0.0.1 - - [19/Aug/2024 21:04:06] "OPTIONS /login HTTP/1.1" 200 -
2024-08-19 21:04:07,134 INFO: 127.0.0.1 - - [19/Aug/2024 21:04:07] "POST /login HTTP/1.1" 200 -
2024-08-19 21:07:05,981 INFO: [31m[1mWARNING: This is a development server. Do not use it in a production deployment. Use a production WSGI server instead.[0m
 * Running on http://127.0.0.1:5555
2024-08-19 21:07:05,981 INFO: [33mPress CTRL+C to quit[0m
2024-08-19 21:07:05,982 INFO:  * Restarting with stat
2024-08-19 21:07:06,202 WARNING:  * Debugger is active!
2024-08-19 21:07:06,210 INFO:  * Debugger PIN: 617-080-234
2024-08-19 21:13:25,212 INFO: 127.0.0.1 - - [19/Aug/2024 21:13:25] "OPTIONS /login HTTP/1.1" 200 -
2024-08-19 21:13:25,478 INFO: 127.0.0.1 - - [19/Aug/2024 21:13:25] "POST /login HTTP/1.1" 200 -
2024-08-19 21:20:30,989 INFO: 127.0.0.1 - - [19/Aug/2024 21:20:30] "OPTIONS /login HTTP/1.1" 200 -
2024-08-19 21:20:31,238 INFO: 127.0.0.1 - - [19/Aug/2024 21:20:31] "POST /login HTTP/1.1" 200 -
2024-08-19 21:21:38,364 INFO: 127.0.0.1 - - [19/Aug/2024 21:21:38] "OPTIONS /logout HTTP/1.1" 200 -
2024-08-19 21:21:38,368 INFO: 127.0.0.1 - - [19/Aug/2024 21:21:38] "POST /logout HTTP/1.1" 200 -
2024-08-19 21:21:45,105 INFO: 127.0.0.1 - - [19/Aug/2024 21:21:45] "OPTIONS /login HTTP/1.1" 200 -
2024-08-19 21:21:45,355 INFO: 127.0.0.1 - - [19/Aug/2024 21:21:45] "POST /login HTTP/1.1" 200 -
2024-08-19 21:38:18,318 INFO: 127.0.0.1 - - [19/Aug/2024 21:38:18] "OPTIONS /login HTTP/1.1" 200 -
2024-08-19 21:38:18,566 INFO: 127.0.0.1 - - [19/Aug/2024 21:38:18] "POST /login HTTP/1.1" 200 -
2024-08-19 22:07:03,843 INFO: 127.0.0.1 - - [19/Aug/2024 22:07:03] "OPTIONS /login HTTP/1.1" 200 -
2024-08-19 22:07:04,105 INFO: 127.0.0.1 - - [19/Aug/2024 22:07:04] "POST /login HTTP/1.1" 200 -
2024-08-19 22:09:52,719 INFO: 127.0.0.1 - - [19/Aug/2024 22:09:52] "OPTIONS /logout HTTP/1.1" 200 -
2024-08-19 22:09:52,723 INFO: 127.0.0.1 - - [19/Aug/2024 22:09:52] "POST /logout HTTP/1.1" 200 -
